Arguments: 
  /usr/bin/node /usr/share/yarn/bin/yarn.js add @wordpress/block-library

PATH: 
  /usr/local/sbin:/usr/local/bin:/usr/sbin:/usr/bin:/sbin:/bin:/snap/bin

Yarn version: 
  1.16.0

Node version: 
  12.4.0

Platform: 
  linux x64

Trace: 
  Error: https://registry.yarnpkg.com/tilnet-react-components: Not found
      at Request.params.callback [as _callback] (/usr/share/yarn/lib/cli.js:66091:18)
      at Request.self.callback (/usr/share/yarn/lib/cli.js:129590:22)
      at Request.emit (events.js:200:13)
      at Request.<anonymous> (/usr/share/yarn/lib/cli.js:130562:10)
      at Request.emit (events.js:200:13)
      at IncomingMessage.<anonymous> (/usr/share/yarn/lib/cli.js:130484:12)
      at Object.onceWrapper (events.js:288:20)
      at IncomingMessage.emit (events.js:205:15)
      at endReadableNT (_stream_readable.js:1154:12)
      at processTicksAndRejections (internal/process/task_queues.js:84:9)

npm manifest: 
  {
    "name": "wp-frontend",
    "version": "1.0.0",
    "description": "",
    "main": "index.js",
    "scripts": {
      "build": "next build",
      "dev": "NODE_ENV=dev CHOKIDAR_USEPOLLING=true node server.js",
      "start": "NODE_ENV=production CHOKIDAR_USEPOLLING=true node server.js"
    },
    "keywords": [],
    "author": "",
    "license": "ISC",
    "dependencies": {
      "@wordpress/block-library": "^2.4.6",
      "autoprefixer": "9.4.7",
      "axios": "^0.18.0",
      "babel-loader": "^8.0.6",
      "compression": "^1.7.4",
      "express": "^4.16.4",
      "glob": "^7.1.3",
      "isomorphic-unfetch": "^3.0.0",
      "next": "8.1.0",
      "postcss-easy-import": "^3.0.0",
      "prettier": "^1.17.1",
      "react": "^16.7.0",
      "tilnet-react-components": "^1.0.0",
      "wpapi": "^1.2.1"
    },
    "devDependencies": {
      "babel-eslint": "^10.0.1",
      "babel-plugin-module-resolver": "^3.1.3",
      "babel-plugin-wrap-in-js": "^1.1.0",
      "eslint": "^5.13.0",
      "eslint-config-airbnb": "^17.1.0",
      "eslint-config-prettier": "^4.0.0",
      "eslint-plugin-import": "^2.16.0",
      "eslint-plugin-jsx-a11y": "^6.2.1",
      "eslint-plugin-prettier": "^3.0.1",
      "eslint-plugin-react": "^7.12.4",
      "node-sass": "^4.11.0",
      "normalize.css": "^8.0.1",
      "postcss-loader": "^3.0.0",
      "raw-loader": "^1.0.0",
      "react-dom": "^16.7.0",
      "sass-loader": "^7.1.0",
      "webpack": "^4.29.0"
    }
  }

yarn manifest: 
  No manifest

Lockfile: 
  No lockfile
